<?xml version="1.0" encoding="UTF-8"?>
<testsuite xmlns:xsi="http://www.w3.org/2001/XMLSchema-instance" xsi:schemaLocation="https://maven.apache.org/surefire/maven-surefire-plugin/xsd/surefire-test-report.xsd" name="com.javaegitimleri.petclinic.web.PetClinicRestControllerTest" time="15.84" tests="6" errors="6" skipped="0" failures="0">
  <properties>
[...]
</properties>
  <testcase name="TestGetOwners" classname="com.javaegitimleri.petclinic.web.PetClinicRestControllerTest" time="3.563">
    <error message="500 null" type="org.springframework.web.client.HttpServerErrorException">org.springframework.web.client.HttpServerErrorException: 500 null
	at com.javaegitimleri.petclinic.web.PetClinicRestControllerTest.TestGetOwners(PetClinicRestControllerTest.java:100)
</error>
    <system-out><![CDATA[16:08:14.717 [main] DEBUG org.springframework.web.client.RestTemplate - Created GET request for "http://localhost:8080/rest/owners"
16:08:14.739 [main] DEBUG org.springframework.web.client.RestTemplate - Setting request Accept header to [application/json, application/*+json]
16:08:17.780 [main] DEBUG org.springframework.web.client.RestTemplate - GET request for "http://localhost:8080/rest/owners" resulted in 500 (null); invoking error handler
]]></system-out>
  </testcase>
  <testcase name="testDeleteOwner" classname="com.javaegitimleri.petclinic.web.PetClinicRestControllerTest" time="3.073">
    <error message="500 null" type="org.springframework.web.client.HttpServerErrorException">org.springframework.web.client.HttpServerErrorException: 500 null
	at com.javaegitimleri.petclinic.web.PetClinicRestControllerTest.testDeleteOwner(PetClinicRestControllerTest.java:35)
</error>
    <system-out><![CDATA[16:08:17.794 [main] DEBUG org.springframework.web.client.RestTemplate - Created DELETE request for "http://localhost:8080/rest/owner/1"
16:08:17.799 [main] DEBUG org.springframework.web.client.RestTemplate - DELETE request for "http://localhost:8080/rest/owner/1" resulted in 200 (null)
16:08:17.800 [main] DEBUG org.springframework.web.client.RestTemplate - Created GET request for "http://localhost:8080/rest/owner/1"
16:08:17.842 [main] DEBUG org.springframework.web.client.RestTemplate - Setting request Accept header to [application/json, application/*+json]
16:08:20.863 [main] DEBUG org.springframework.web.client.RestTemplate - GET request for "http://localhost:8080/rest/owner/1" resulted in 500 (null); invoking error handler
]]></system-out>
  </testcase>
  <testcase name="testCreateOwner" classname="com.javaegitimleri.petclinic.web.PetClinicRestControllerTest" time="0.05">
    <error message="400 null" type="org.springframework.web.client.HttpClientErrorException">org.springframework.web.client.HttpClientErrorException: 400 null
	at com.javaegitimleri.petclinic.web.PetClinicRestControllerTest.testCreateOwner(PetClinicRestControllerTest.java:67)
</error>
    <system-out><![CDATA[16:08:20.874 [main] DEBUG org.springframework.web.client.RestTemplate - Created POST request for "http://localhost:8080/rest/owner"
16:08:20.890 [main] DEBUG org.springframework.web.client.RestTemplate - Writing [Owner [id=null, firstName=Araks, lastName=Kykc]] using [org.springframework.http.converter.json.MappingJackson2HttpMessageConverter@38831718]
16:08:20.909 [main] DEBUG org.springframework.web.client.RestTemplate - POST request for "http://localhost:8080/rest/owner" resulted in 201 (null)
16:08:20.909 [main] DEBUG org.springframework.web.client.RestTemplate - Created GET request for "http://localhost:8080/rest/owner/"
16:08:20.910 [main] DEBUG org.springframework.web.client.RestTemplate - Setting request Accept header to [application/json, application/*+json]
16:08:20.915 [main] DEBUG org.springframework.web.client.RestTemplate - GET request for "http://localhost:8080/rest/owner/" resulted in 400 (null); invoking error handler
]]></system-out>
  </testcase>
  <testcase name="testOwnerUpdate" classname="com.javaegitimleri.petclinic.web.PetClinicRestControllerTest" time="3.021">
    <error message="500 null" type="org.springframework.web.client.HttpServerErrorException">org.springframework.web.client.HttpServerErrorException: 500 null
	at com.javaegitimleri.petclinic.web.PetClinicRestControllerTest.testOwnerUpdate(PetClinicRestControllerTest.java:45)
</error>
    <system-out><![CDATA[16:08:20.919 [main] DEBUG org.springframework.web.client.RestTemplate - Created GET request for "http://localhost:8080/rest/owner/3"
16:08:20.920 [main] DEBUG org.springframework.web.client.RestTemplate - Setting request Accept header to [application/json, application/*+json]
16:08:23.936 [main] DEBUG org.springframework.web.client.RestTemplate - GET request for "http://localhost:8080/rest/owner/3" resulted in 500 (null); invoking error handler
]]></system-out>
  </testcase>
  <testcase name="testGetOwnersByLastName" classname="com.javaegitimleri.petclinic.web.PetClinicRestControllerTest" time="3.023">
    <error message="500 null" type="org.springframework.web.client.HttpServerErrorException">org.springframework.web.client.HttpServerErrorException: 500 null
	at com.javaegitimleri.petclinic.web.PetClinicRestControllerTest.testGetOwnersByLastName(PetClinicRestControllerTest.java:85)
</error>
    <system-out><![CDATA[16:08:23.941 [main] DEBUG org.springframework.web.client.RestTemplate - Created GET request for "http://localhost:8080/rest/owner?ln=kykc"
16:08:23.942 [main] DEBUG org.springframework.web.client.RestTemplate - Setting request Accept header to [application/json, application/*+json]
16:08:26.960 [main] DEBUG org.springframework.web.client.RestTemplate - GET request for "http://localhost:8080/rest/owner?ln=kykc" resulted in 500 (null); invoking error handler
]]></system-out>
  </testcase>
  <testcase name="testGetOwnerById" classname="com.javaegitimleri.petclinic.web.PetClinicRestControllerTest" time="3.029">
    <error message="500 null" type="org.springframework.web.client.HttpServerErrorException">org.springframework.web.client.HttpServerErrorException: 500 null
	at com.javaegitimleri.petclinic.web.PetClinicRestControllerTest.testGetOwnerById(PetClinicRestControllerTest.java:76)
</error>
    <system-out><![CDATA[16:08:26.964 [main] DEBUG org.springframework.web.client.RestTemplate - Created GET request for "http://localhost:8080/rest/owner/1"
16:08:26.965 [main] DEBUG org.springframework.web.client.RestTemplate - Setting request Accept header to [application/json, application/*+json]
16:08:29.989 [main] DEBUG org.springframework.web.client.RestTemplate - GET request for "http://localhost:8080/rest/owner/1" resulted in 500 (null); invoking error handler
]]></system-out>
  </testcase>
</testsuite>